2025-09-19 00:07:48 [http-nio-8080-exec-2] DEBUG o.s.security.web.FilterChainProxy - Securing OPTIONS /patients/17?clinicId=9
2025-09-19 00:07:48 [http-nio-8080-exec-6] DEBUG o.s.security.web.FilterChainProxy - Securing GET /patients/17?clinicId=9
2025-09-19 00:07:48 [http-nio-8080-exec-6] DEBUG org.hibernate.SQL - 
    select
        u1_0.id,
        u1_0.clinic_id,
        u1_0.created_at,
        u1_0.email,
        u1_0.first_name,
        u1_0.is_active,
        u1_0.last_name,
        u1_0.password_hash,
        u1_0.phone,
        u1_0.role,
        u1_0.specialization,
        u1_0.updated_at,
        u1_0.username 
    from
        users u1_0 
    where
        u1_0.id=?
2025-09-19 00:07:48 [http-nio-8080-exec-6] DEBUG o.s.security.web.FilterChainProxy - Secured GET /patients/17?clinicId=9
2025-09-19 00:07:48 [http-nio-8080-exec-6] DEBUG o.s.s.a.m.AuthorizationManagerBeforeMethodInterceptor - Authorizing method invocation ReflectiveMethodInvocation: public org.springframework.http.ResponseEntity com.nakqeeb.amancare.controller.PatientController.getPatientById(com.nakqeeb.amancare.security.UserPrincipal,java.lang.Long,java.lang.Long); target is of class [com.nakqeeb.amancare.controller.PatientController]
2025-09-19 00:07:48 [http-nio-8080-exec-6] DEBUG o.s.s.a.m.AuthorizationManagerBeforeMethodInterceptor - Authorized method invocation ReflectiveMethodInvocation: public org.springframework.http.ResponseEntity com.nakqeeb.amancare.controller.PatientController.getPatientById(com.nakqeeb.amancare.security.UserPrincipal,java.lang.Long,java.lang.Long); target is of class [com.nakqeeb.amancare.controller.PatientController]
2025-09-19 00:07:48 [http-nio-8080-exec-6] INFO  c.n.a.controller.PatientController - SYSTEM_ADMIN reading a patient from clinic: 9
2025-09-19 00:07:48 [http-nio-8080-exec-6] DEBUG org.hibernate.SQL - 
    select
        c1_0.id,
        c1_0.address,
        c1_0.created_at,
        c1_0.description,
        c1_0.email,
        c1_0.is_active,
        c1_0.name,
        c1_0.phone,
        c1_0.subscription_end_date,
        c1_0.subscription_plan,
        c1_0.subscription_start_date,
        c1_0.updated_at,
        c1_0.working_days,
        c1_0.working_hours_end,
        c1_0.working_hours_start 
    from
        clinics c1_0 
    where
        c1_0.id=?
2025-09-19 00:07:48 [http-nio-8080-exec-6] DEBUG org.hibernate.SQL - 
    select
        p1_0.id,
        p1_0.address,
        p1_0.allergies,
        p1_0.blood_type,
        p1_0.chronic_diseases,
        p1_0.clinic_id,
        p1_0.created_at,
        p1_0.date_of_birth,
        p1_0.email,
        p1_0.emergency_contact_name,
        p1_0.emergency_contact_phone,
        p1_0.first_name,
        p1_0.gender,
        p1_0.is_active,
        p1_0.last_name,
        p1_0.notes,
        p1_0.patient_number,
        p1_0.phone,
        p1_0.updated_at 
    from
        patients p1_0 
    where
        p1_0.id=?
2025-09-19 00:09:29 [scheduling-1] DEBUG org.hibernate.SQL - 
    /* DELETE 
    FROM
        PasswordResetToken p 
    WHERE
        p.expiryDate < :now */ delete prt1_0 
    from
        password_reset_tokens prt1_0 
    where
        prt1_0.expiry_date<?
2025-09-19 00:09:29 [scheduling-1] INFO  c.n.a.service.PasswordResetService - تم تنظيف الرموز المنتهية الصلاحية
2025-09-19 00:09:29 [scheduling-1] DEBUG org.hibernate.SQL - 
    /* DELETE 
    FROM
        EmailVerificationToken e 
    WHERE
        e.expiryDate < :now */ delete evt1_0 
    from
        email_verification_tokens evt1_0 
    where
        evt1_0.expiry_date<?
2025-09-19 00:09:29 [scheduling-1] INFO  c.n.a.s.EmailVerificationService - تم تنظيف رموز تأكيد البريد الإلكتروني المنتهية الصلاحية
2025-09-19 00:11:48 [http-nio-8080-exec-8] DEBUG o.s.security.web.FilterChainProxy - Securing OPTIONS /patients/17?clinicId=9
2025-09-19 00:11:48 [http-nio-8080-exec-10] DEBUG o.s.security.web.FilterChainProxy - Securing GET /patients/17?clinicId=9
2025-09-19 00:11:48 [http-nio-8080-exec-10] DEBUG org.hibernate.SQL - 
    select
        u1_0.id,
        u1_0.clinic_id,
        u1_0.created_at,
        u1_0.email,
        u1_0.first_name,
        u1_0.is_active,
        u1_0.last_name,
        u1_0.password_hash,
        u1_0.phone,
        u1_0.role,
        u1_0.specialization,
        u1_0.updated_at,
        u1_0.username 
    from
        users u1_0 
    where
        u1_0.id=?
2025-09-19 00:11:48 [http-nio-8080-exec-10] DEBUG o.s.security.web.FilterChainProxy - Secured GET /patients/17?clinicId=9
2025-09-19 00:11:48 [http-nio-8080-exec-10] DEBUG o.s.s.a.m.AuthorizationManagerBeforeMethodInterceptor - Authorizing method invocation ReflectiveMethodInvocation: public org.springframework.http.ResponseEntity com.nakqeeb.amancare.controller.PatientController.getPatientById(com.nakqeeb.amancare.security.UserPrincipal,java.lang.Long,java.lang.Long); target is of class [com.nakqeeb.amancare.controller.PatientController]
2025-09-19 00:11:48 [http-nio-8080-exec-10] DEBUG o.s.s.a.m.AuthorizationManagerBeforeMethodInterceptor - Authorized method invocation ReflectiveMethodInvocation: public org.springframework.http.ResponseEntity com.nakqeeb.amancare.controller.PatientController.getPatientById(com.nakqeeb.amancare.security.UserPrincipal,java.lang.Long,java.lang.Long); target is of class [com.nakqeeb.amancare.controller.PatientController]
2025-09-19 00:11:48 [http-nio-8080-exec-10] INFO  c.n.a.controller.PatientController - SYSTEM_ADMIN reading a patient from clinic: 9
2025-09-19 00:11:48 [http-nio-8080-exec-10] DEBUG org.hibernate.SQL - 
    select
        c1_0.id,
        c1_0.address,
        c1_0.created_at,
        c1_0.description,
        c1_0.email,
        c1_0.is_active,
        c1_0.name,
        c1_0.phone,
        c1_0.subscription_end_date,
        c1_0.subscription_plan,
        c1_0.subscription_start_date,
        c1_0.updated_at,
        c1_0.working_days,
        c1_0.working_hours_end,
        c1_0.working_hours_start 
    from
        clinics c1_0 
    where
        c1_0.id=?
2025-09-19 00:11:48 [http-nio-8080-exec-10] DEBUG org.hibernate.SQL - 
    select
        p1_0.id,
        p1_0.address,
        p1_0.allergies,
        p1_0.blood_type,
        p1_0.chronic_diseases,
        p1_0.clinic_id,
        p1_0.created_at,
        p1_0.date_of_birth,
        p1_0.email,
        p1_0.emergency_contact_name,
        p1_0.emergency_contact_phone,
        p1_0.first_name,
        p1_0.gender,
        p1_0.is_active,
        p1_0.last_name,
        p1_0.notes,
        p1_0.patient_number,
        p1_0.phone,
        p1_0.updated_at 
    from
        patients p1_0 
    where
        p1_0.id=?
2025-09-19 00:16:19 [http-nio-8080-exec-1] DEBUG o.s.security.web.FilterChainProxy - Securing OPTIONS /patients/17?clinicId=9
2025-09-19 00:16:19 [http-nio-8080-exec-9] DEBUG o.s.security.web.FilterChainProxy - Securing GET /patients/17?clinicId=9
2025-09-19 00:16:19 [http-nio-8080-exec-9] DEBUG org.hibernate.SQL - 
    select
        u1_0.id,
        u1_0.clinic_id,
        u1_0.created_at,
        u1_0.email,
        u1_0.first_name,
        u1_0.is_active,
        u1_0.last_name,
        u1_0.password_hash,
        u1_0.phone,
        u1_0.role,
        u1_0.specialization,
        u1_0.updated_at,
        u1_0.username 
    from
        users u1_0 
    where
        u1_0.id=?
2025-09-19 00:16:19 [http-nio-8080-exec-9] DEBUG o.s.security.web.FilterChainProxy - Secured GET /patients/17?clinicId=9
2025-09-19 00:16:19 [http-nio-8080-exec-9] DEBUG o.s.s.a.m.AuthorizationManagerBeforeMethodInterceptor - Authorizing method invocation ReflectiveMethodInvocation: public org.springframework.http.ResponseEntity com.nakqeeb.amancare.controller.PatientController.getPatientById(com.nakqeeb.amancare.security.UserPrincipal,java.lang.Long,java.lang.Long); target is of class [com.nakqeeb.amancare.controller.PatientController]
2025-09-19 00:16:19 [http-nio-8080-exec-9] DEBUG o.s.s.a.m.AuthorizationManagerBeforeMethodInterceptor - Authorized method invocation ReflectiveMethodInvocation: public org.springframework.http.ResponseEntity com.nakqeeb.amancare.controller.PatientController.getPatientById(com.nakqeeb.amancare.security.UserPrincipal,java.lang.Long,java.lang.Long); target is of class [com.nakqeeb.amancare.controller.PatientController]
2025-09-19 00:16:19 [http-nio-8080-exec-9] INFO  c.n.a.controller.PatientController - SYSTEM_ADMIN reading a patient from clinic: 9
2025-09-19 00:16:19 [http-nio-8080-exec-9] DEBUG org.hibernate.SQL - 
    select
        c1_0.id,
        c1_0.address,
        c1_0.created_at,
        c1_0.description,
        c1_0.email,
        c1_0.is_active,
        c1_0.name,
        c1_0.phone,
        c1_0.subscription_end_date,
        c1_0.subscription_plan,
        c1_0.subscription_start_date,
        c1_0.updated_at,
        c1_0.working_days,
        c1_0.working_hours_end,
        c1_0.working_hours_start 
    from
        clinics c1_0 
    where
        c1_0.id=?
2025-09-19 00:16:19 [http-nio-8080-exec-9] DEBUG org.hibernate.SQL - 
    select
        p1_0.id,
        p1_0.address,
        p1_0.allergies,
        p1_0.blood_type,
        p1_0.chronic_diseases,
        p1_0.clinic_id,
        p1_0.created_at,
        p1_0.date_of_birth,
        p1_0.email,
        p1_0.emergency_contact_name,
        p1_0.emergency_contact_phone,
        p1_0.first_name,
        p1_0.gender,
        p1_0.is_active,
        p1_0.last_name,
        p1_0.notes,
        p1_0.patient_number,
        p1_0.phone,
        p1_0.updated_at 
    from
        patients p1_0 
    where
        p1_0.id=?
2025-09-19 00:17:20 [http-nio-8080-exec-3] DEBUG o.s.security.web.FilterChainProxy - Securing OPTIONS /patients/17?clinicId=9
2025-09-19 00:17:20 [http-nio-8080-exec-2] DEBUG o.s.security.web.FilterChainProxy - Securing GET /patients/17?clinicId=9
2025-09-19 00:17:20 [http-nio-8080-exec-2] DEBUG org.hibernate.SQL - 
    select
        u1_0.id,
        u1_0.clinic_id,
        u1_0.created_at,
        u1_0.email,
        u1_0.first_name,
        u1_0.is_active,
        u1_0.last_name,
        u1_0.password_hash,
        u1_0.phone,
        u1_0.role,
        u1_0.specialization,
        u1_0.updated_at,
        u1_0.username 
    from
        users u1_0 
    where
        u1_0.id=?
2025-09-19 00:17:20 [http-nio-8080-exec-2] DEBUG o.s.security.web.FilterChainProxy - Secured GET /patients/17?clinicId=9
2025-09-19 00:17:20 [http-nio-8080-exec-2] DEBUG o.s.s.a.m.AuthorizationManagerBeforeMethodInterceptor - Authorizing method invocation ReflectiveMethodInvocation: public org.springframework.http.ResponseEntity com.nakqeeb.amancare.controller.PatientController.getPatientById(com.nakqeeb.amancare.security.UserPrincipal,java.lang.Long,java.lang.Long); target is of class [com.nakqeeb.amancare.controller.PatientController]
2025-09-19 00:17:20 [http-nio-8080-exec-2] DEBUG o.s.s.a.m.AuthorizationManagerBeforeMethodInterceptor - Authorized method invocation ReflectiveMethodInvocation: public org.springframework.http.ResponseEntity com.nakqeeb.amancare.controller.PatientController.getPatientById(com.nakqeeb.amancare.security.UserPrincipal,java.lang.Long,java.lang.Long); target is of class [com.nakqeeb.amancare.controller.PatientController]
2025-09-19 00:17:20 [http-nio-8080-exec-2] INFO  c.n.a.controller.PatientController - SYSTEM_ADMIN reading a patient from clinic: 9
2025-09-19 00:17:20 [http-nio-8080-exec-2] DEBUG org.hibernate.SQL - 
    select
        c1_0.id,
        c1_0.address,
        c1_0.created_at,
        c1_0.description,
        c1_0.email,
        c1_0.is_active,
        c1_0.name,
        c1_0.phone,
        c1_0.subscription_end_date,
        c1_0.subscription_plan,
        c1_0.subscription_start_date,
        c1_0.updated_at,
        c1_0.working_days,
        c1_0.working_hours_end,
        c1_0.working_hours_start 
    from
        clinics c1_0 
    where
        c1_0.id=?
2025-09-19 00:17:20 [http-nio-8080-exec-2] DEBUG org.hibernate.SQL - 
    select
        p1_0.id,
        p1_0.address,
        p1_0.allergies,
        p1_0.blood_type,
        p1_0.chronic_diseases,
        p1_0.clinic_id,
        p1_0.created_at,
        p1_0.date_of_birth,
        p1_0.email,
        p1_0.emergency_contact_name,
        p1_0.emergency_contact_phone,
        p1_0.first_name,
        p1_0.gender,
        p1_0.is_active,
        p1_0.last_name,
        p1_0.notes,
        p1_0.patient_number,
        p1_0.phone,
        p1_0.updated_at 
    from
        patients p1_0 
    where
        p1_0.id=?
2025-09-19 00:28:37 [http-nio-8080-exec-4] DEBUG o.s.security.web.FilterChainProxy - Securing OPTIONS /patients/17?clinicId=9
2025-09-19 00:28:37 [http-nio-8080-exec-8] DEBUG o.s.security.web.FilterChainProxy - Securing GET /patients/17?clinicId=9
2025-09-19 00:28:37 [http-nio-8080-exec-8] DEBUG org.hibernate.SQL - 
    select
        u1_0.id,
        u1_0.clinic_id,
        u1_0.created_at,
        u1_0.email,
        u1_0.first_name,
        u1_0.is_active,
        u1_0.last_name,
        u1_0.password_hash,
        u1_0.phone,
        u1_0.role,
        u1_0.specialization,
        u1_0.updated_at,
        u1_0.username 
    from
        users u1_0 
    where
        u1_0.id=?
2025-09-19 00:28:37 [http-nio-8080-exec-8] DEBUG o.s.security.web.FilterChainProxy - Secured GET /patients/17?clinicId=9
2025-09-19 00:28:37 [http-nio-8080-exec-8] DEBUG o.s.s.a.m.AuthorizationManagerBeforeMethodInterceptor - Authorizing method invocation ReflectiveMethodInvocation: public org.springframework.http.ResponseEntity com.nakqeeb.amancare.controller.PatientController.getPatientById(com.nakqeeb.amancare.security.UserPrincipal,java.lang.Long,java.lang.Long); target is of class [com.nakqeeb.amancare.controller.PatientController]
2025-09-19 00:28:37 [http-nio-8080-exec-8] DEBUG o.s.s.a.m.AuthorizationManagerBeforeMethodInterceptor - Authorized method invocation ReflectiveMethodInvocation: public org.springframework.http.ResponseEntity com.nakqeeb.amancare.controller.PatientController.getPatientById(com.nakqeeb.amancare.security.UserPrincipal,java.lang.Long,java.lang.Long); target is of class [com.nakqeeb.amancare.controller.PatientController]
2025-09-19 00:28:37 [http-nio-8080-exec-8] INFO  c.n.a.controller.PatientController - SYSTEM_ADMIN reading a patient from clinic: 9
2025-09-19 00:28:37 [http-nio-8080-exec-8] DEBUG org.hibernate.SQL - 
    select
        c1_0.id,
        c1_0.address,
        c1_0.created_at,
        c1_0.description,
        c1_0.email,
        c1_0.is_active,
        c1_0.name,
        c1_0.phone,
        c1_0.subscription_end_date,
        c1_0.subscription_plan,
        c1_0.subscription_start_date,
        c1_0.updated_at,
        c1_0.working_days,
        c1_0.working_hours_end,
        c1_0.working_hours_start 
    from
        clinics c1_0 
    where
        c1_0.id=?
2025-09-19 00:28:37 [http-nio-8080-exec-8] DEBUG org.hibernate.SQL - 
    select
        p1_0.id,
        p1_0.address,
        p1_0.allergies,
        p1_0.blood_type,
        p1_0.chronic_diseases,
        p1_0.clinic_id,
        p1_0.created_at,
        p1_0.date_of_birth,
        p1_0.email,
        p1_0.emergency_contact_name,
        p1_0.emergency_contact_phone,
        p1_0.first_name,
        p1_0.gender,
        p1_0.is_active,
        p1_0.last_name,
        p1_0.notes,
        p1_0.patient_number,
        p1_0.phone,
        p1_0.updated_at 
    from
        patients p1_0 
    where
        p1_0.id=?
2025-09-19 00:30:02 [http-nio-8080-exec-5] DEBUG o.s.security.web.FilterChainProxy - Securing OPTIONS /patients/17?clinicId=9
2025-09-19 00:30:02 [http-nio-8080-exec-5] DEBUG o.s.security.web.FilterChainProxy - Securing GET /patients/17?clinicId=9
2025-09-19 00:30:02 [http-nio-8080-exec-5] DEBUG org.hibernate.SQL - 
    select
        u1_0.id,
        u1_0.clinic_id,
        u1_0.created_at,
        u1_0.email,
        u1_0.first_name,
        u1_0.is_active,
        u1_0.last_name,
        u1_0.password_hash,
        u1_0.phone,
        u1_0.role,
        u1_0.specialization,
        u1_0.updated_at,
        u1_0.username 
    from
        users u1_0 
    where
        u1_0.id=?
2025-09-19 00:30:02 [http-nio-8080-exec-5] DEBUG o.s.security.web.FilterChainProxy - Secured GET /patients/17?clinicId=9
2025-09-19 00:30:02 [http-nio-8080-exec-5] DEBUG o.s.s.a.m.AuthorizationManagerBeforeMethodInterceptor - Authorizing method invocation ReflectiveMethodInvocation: public org.springframework.http.ResponseEntity com.nakqeeb.amancare.controller.PatientController.getPatientById(com.nakqeeb.amancare.security.UserPrincipal,java.lang.Long,java.lang.Long); target is of class [com.nakqeeb.amancare.controller.PatientController]
2025-09-19 00:30:02 [http-nio-8080-exec-5] DEBUG o.s.s.a.m.AuthorizationManagerBeforeMethodInterceptor - Authorized method invocation ReflectiveMethodInvocation: public org.springframework.http.ResponseEntity com.nakqeeb.amancare.controller.PatientController.getPatientById(com.nakqeeb.amancare.security.UserPrincipal,java.lang.Long,java.lang.Long); target is of class [com.nakqeeb.amancare.controller.PatientController]
2025-09-19 00:30:02 [http-nio-8080-exec-5] INFO  c.n.a.controller.PatientController - SYSTEM_ADMIN reading a patient from clinic: 9
2025-09-19 00:30:02 [http-nio-8080-exec-5] DEBUG org.hibernate.SQL - 
    select
        c1_0.id,
        c1_0.address,
        c1_0.created_at,
        c1_0.description,
        c1_0.email,
        c1_0.is_active,
        c1_0.name,
        c1_0.phone,
        c1_0.subscription_end_date,
        c1_0.subscription_plan,
        c1_0.subscription_start_date,
        c1_0.updated_at,
        c1_0.working_days,
        c1_0.working_hours_end,
        c1_0.working_hours_start 
    from
        clinics c1_0 
    where
        c1_0.id=?
2025-09-19 00:30:02 [http-nio-8080-exec-5] DEBUG org.hibernate.SQL - 
    select
        p1_0.id,
        p1_0.address,
        p1_0.allergies,
        p1_0.blood_type,
        p1_0.chronic_diseases,
        p1_0.clinic_id,
        p1_0.created_at,
        p1_0.date_of_birth,
        p1_0.email,
        p1_0.emergency_contact_name,
        p1_0.emergency_contact_phone,
        p1_0.first_name,
        p1_0.gender,
        p1_0.is_active,
        p1_0.last_name,
        p1_0.notes,
        p1_0.patient_number,
        p1_0.phone,
        p1_0.updated_at 
    from
        patients p1_0 
    where
        p1_0.id=?
2025-09-19 00:30:21 [http-nio-8080-exec-9] DEBUG o.s.security.web.FilterChainProxy - Securing OPTIONS /patients/17?clinicId=9
2025-09-19 00:30:21 [http-nio-8080-exec-7] DEBUG o.s.security.web.FilterChainProxy - Securing GET /patients/17?clinicId=9
2025-09-19 00:30:21 [http-nio-8080-exec-7] DEBUG org.hibernate.SQL - 
    select
        u1_0.id,
        u1_0.clinic_id,
        u1_0.created_at,
        u1_0.email,
        u1_0.first_name,
        u1_0.is_active,
        u1_0.last_name,
        u1_0.password_hash,
        u1_0.phone,
        u1_0.role,
        u1_0.specialization,
        u1_0.updated_at,
        u1_0.username 
    from
        users u1_0 
    where
        u1_0.id=?
2025-09-19 00:30:21 [http-nio-8080-exec-7] DEBUG o.s.security.web.FilterChainProxy - Secured GET /patients/17?clinicId=9
2025-09-19 00:30:21 [http-nio-8080-exec-7] DEBUG o.s.s.a.m.AuthorizationManagerBeforeMethodInterceptor - Authorizing method invocation ReflectiveMethodInvocation: public org.springframework.http.ResponseEntity com.nakqeeb.amancare.controller.PatientController.getPatientById(com.nakqeeb.amancare.security.UserPrincipal,java.lang.Long,java.lang.Long); target is of class [com.nakqeeb.amancare.controller.PatientController]
2025-09-19 00:30:21 [http-nio-8080-exec-7] DEBUG o.s.s.a.m.AuthorizationManagerBeforeMethodInterceptor - Authorized method invocation ReflectiveMethodInvocation: public org.springframework.http.ResponseEntity com.nakqeeb.amancare.controller.PatientController.getPatientById(com.nakqeeb.amancare.security.UserPrincipal,java.lang.Long,java.lang.Long); target is of class [com.nakqeeb.amancare.controller.PatientController]
2025-09-19 00:30:21 [http-nio-8080-exec-7] INFO  c.n.a.controller.PatientController - SYSTEM_ADMIN reading a patient from clinic: 9
2025-09-19 00:30:21 [http-nio-8080-exec-7] DEBUG org.hibernate.SQL - 
    select
        c1_0.id,
        c1_0.address,
        c1_0.created_at,
        c1_0.description,
        c1_0.email,
        c1_0.is_active,
        c1_0.name,
        c1_0.phone,
        c1_0.subscription_end_date,
        c1_0.subscription_plan,
        c1_0.subscription_start_date,
        c1_0.updated_at,
        c1_0.working_days,
        c1_0.working_hours_end,
        c1_0.working_hours_start 
    from
        clinics c1_0 
    where
        c1_0.id=?
2025-09-19 00:30:21 [http-nio-8080-exec-7] DEBUG org.hibernate.SQL - 
    select
        p1_0.id,
        p1_0.address,
        p1_0.allergies,
        p1_0.blood_type,
        p1_0.chronic_diseases,
        p1_0.clinic_id,
        p1_0.created_at,
        p1_0.date_of_birth,
        p1_0.email,
        p1_0.emergency_contact_name,
        p1_0.emergency_contact_phone,
        p1_0.first_name,
        p1_0.gender,
        p1_0.is_active,
        p1_0.last_name,
        p1_0.notes,
        p1_0.patient_number,
        p1_0.phone,
        p1_0.updated_at 
    from
        patients p1_0 
    where
        p1_0.id=?
2025-09-19 00:33:52 [http-nio-8080-exec-2] DEBUG o.s.security.web.FilterChainProxy - Securing OPTIONS /patients/17?clinicId=9
2025-09-19 00:33:52 [http-nio-8080-exec-6] DEBUG o.s.security.web.FilterChainProxy - Securing GET /patients/17?clinicId=9
2025-09-19 00:33:52 [http-nio-8080-exec-6] DEBUG org.hibernate.SQL - 
    select
        u1_0.id,
        u1_0.clinic_id,
        u1_0.created_at,
        u1_0.email,
        u1_0.first_name,
        u1_0.is_active,
        u1_0.last_name,
        u1_0.password_hash,
        u1_0.phone,
        u1_0.role,
        u1_0.specialization,
        u1_0.updated_at,
        u1_0.username 
    from
        users u1_0 
    where
        u1_0.id=?
2025-09-19 00:33:53 [http-nio-8080-exec-6] DEBUG o.s.security.web.FilterChainProxy - Secured GET /patients/17?clinicId=9
2025-09-19 00:33:53 [http-nio-8080-exec-6] DEBUG o.s.s.a.m.AuthorizationManagerBeforeMethodInterceptor - Authorizing method invocation ReflectiveMethodInvocation: public org.springframework.http.ResponseEntity com.nakqeeb.amancare.controller.PatientController.getPatientById(com.nakqeeb.amancare.security.UserPrincipal,java.lang.Long,java.lang.Long); target is of class [com.nakqeeb.amancare.controller.PatientController]
2025-09-19 00:33:53 [http-nio-8080-exec-6] DEBUG o.s.s.a.m.AuthorizationManagerBeforeMethodInterceptor - Authorized method invocation ReflectiveMethodInvocation: public org.springframework.http.ResponseEntity com.nakqeeb.amancare.controller.PatientController.getPatientById(com.nakqeeb.amancare.security.UserPrincipal,java.lang.Long,java.lang.Long); target is of class [com.nakqeeb.amancare.controller.PatientController]
2025-09-19 00:33:53 [http-nio-8080-exec-6] INFO  c.n.a.controller.PatientController - SYSTEM_ADMIN reading a patient from clinic: 9
2025-09-19 00:33:53 [http-nio-8080-exec-6] DEBUG org.hibernate.SQL - 
    select
        c1_0.id,
        c1_0.address,
        c1_0.created_at,
        c1_0.description,
        c1_0.email,
        c1_0.is_active,
        c1_0.name,
        c1_0.phone,
        c1_0.subscription_end_date,
        c1_0.subscription_plan,
        c1_0.subscription_start_date,
        c1_0.updated_at,
        c1_0.working_days,
        c1_0.working_hours_end,
        c1_0.working_hours_start 
    from
        clinics c1_0 
    where
        c1_0.id=?
2025-09-19 00:33:53 [http-nio-8080-exec-6] DEBUG org.hibernate.SQL - 
    select
        p1_0.id,
        p1_0.address,
        p1_0.allergies,
        p1_0.blood_type,
        p1_0.chronic_diseases,
        p1_0.clinic_id,
        p1_0.created_at,
        p1_0.date_of_birth,
        p1_0.email,
        p1_0.emergency_contact_name,
        p1_0.emergency_contact_phone,
        p1_0.first_name,
        p1_0.gender,
        p1_0.is_active,
        p1_0.last_name,
        p1_0.notes,
        p1_0.patient_number,
        p1_0.phone,
        p1_0.updated_at 
    from
        patients p1_0 
    where
        p1_0.id=?
2025-09-19 00:34:44 [http-nio-8080-exec-8] DEBUG o.s.security.web.FilterChainProxy - Securing OPTIONS /patients/17?clinicId=9
2025-09-19 00:34:44 [http-nio-8080-exec-10] DEBUG o.s.security.web.FilterChainProxy - Securing GET /patients/17?clinicId=9
2025-09-19 00:34:44 [http-nio-8080-exec-10] DEBUG org.hibernate.SQL - 
    select
        u1_0.id,
        u1_0.clinic_id,
        u1_0.created_at,
        u1_0.email,
        u1_0.first_name,
        u1_0.is_active,
        u1_0.last_name,
        u1_0.password_hash,
        u1_0.phone,
        u1_0.role,
        u1_0.specialization,
        u1_0.updated_at,
        u1_0.username 
    from
        users u1_0 
    where
        u1_0.id=?
2025-09-19 00:34:44 [http-nio-8080-exec-10] DEBUG o.s.security.web.FilterChainProxy - Secured GET /patients/17?clinicId=9
2025-09-19 00:34:44 [http-nio-8080-exec-10] DEBUG o.s.s.a.m.AuthorizationManagerBeforeMethodInterceptor - Authorizing method invocation ReflectiveMethodInvocation: public org.springframework.http.ResponseEntity com.nakqeeb.amancare.controller.PatientController.getPatientById(com.nakqeeb.amancare.security.UserPrincipal,java.lang.Long,java.lang.Long); target is of class [com.nakqeeb.amancare.controller.PatientController]
2025-09-19 00:34:44 [http-nio-8080-exec-10] DEBUG o.s.s.a.m.AuthorizationManagerBeforeMethodInterceptor - Authorized method invocation ReflectiveMethodInvocation: public org.springframework.http.ResponseEntity com.nakqeeb.amancare.controller.PatientController.getPatientById(com.nakqeeb.amancare.security.UserPrincipal,java.lang.Long,java.lang.Long); target is of class [com.nakqeeb.amancare.controller.PatientController]
2025-09-19 00:34:44 [http-nio-8080-exec-10] INFO  c.n.a.controller.PatientController - SYSTEM_ADMIN reading a patient from clinic: 9
2025-09-19 00:34:44 [http-nio-8080-exec-10] DEBUG org.hibernate.SQL - 
    select
        c1_0.id,
        c1_0.address,
        c1_0.created_at,
        c1_0.description,
        c1_0.email,
        c1_0.is_active,
        c1_0.name,
        c1_0.phone,
        c1_0.subscription_end_date,
        c1_0.subscription_plan,
        c1_0.subscription_start_date,
        c1_0.updated_at,
        c1_0.working_days,
        c1_0.working_hours_end,
        c1_0.working_hours_start 
    from
        clinics c1_0 
    where
        c1_0.id=?
2025-09-19 00:34:44 [http-nio-8080-exec-10] DEBUG org.hibernate.SQL - 
    select
        p1_0.id,
        p1_0.address,
        p1_0.allergies,
        p1_0.blood_type,
        p1_0.chronic_diseases,
        p1_0.clinic_id,
        p1_0.created_at,
        p1_0.date_of_birth,
        p1_0.email,
        p1_0.emergency_contact_name,
        p1_0.emergency_contact_phone,
        p1_0.first_name,
        p1_0.gender,
        p1_0.is_active,
        p1_0.last_name,
        p1_0.notes,
        p1_0.patient_number,
        p1_0.phone,
        p1_0.updated_at 
    from
        patients p1_0 
    where
        p1_0.id=?
2025-09-19 00:37:56 [http-nio-8080-exec-1] DEBUG o.s.security.web.FilterChainProxy - Securing OPTIONS /patients/17?clinicId=9
2025-09-19 00:37:56 [http-nio-8080-exec-9] DEBUG o.s.security.web.FilterChainProxy - Securing GET /patients/17?clinicId=9
2025-09-19 00:37:57 [http-nio-8080-exec-9] DEBUG org.hibernate.SQL - 
    select
        u1_0.id,
        u1_0.clinic_id,
        u1_0.created_at,
        u1_0.email,
        u1_0.first_name,
        u1_0.is_active,
        u1_0.last_name,
        u1_0.password_hash,
        u1_0.phone,
        u1_0.role,
        u1_0.specialization,
        u1_0.updated_at,
        u1_0.username 
    from
        users u1_0 
    where
        u1_0.id=?
2025-09-19 00:37:57 [http-nio-8080-exec-9] DEBUG o.s.security.web.FilterChainProxy - Secured GET /patients/17?clinicId=9
2025-09-19 00:37:57 [http-nio-8080-exec-9] DEBUG o.s.s.a.m.AuthorizationManagerBeforeMethodInterceptor - Authorizing method invocation ReflectiveMethodInvocation: public org.springframework.http.ResponseEntity com.nakqeeb.amancare.controller.PatientController.getPatientById(com.nakqeeb.amancare.security.UserPrincipal,java.lang.Long,java.lang.Long); target is of class [com.nakqeeb.amancare.controller.PatientController]
2025-09-19 00:37:57 [http-nio-8080-exec-9] DEBUG o.s.s.a.m.AuthorizationManagerBeforeMethodInterceptor - Authorized method invocation ReflectiveMethodInvocation: public org.springframework.http.ResponseEntity com.nakqeeb.amancare.controller.PatientController.getPatientById(com.nakqeeb.amancare.security.UserPrincipal,java.lang.Long,java.lang.Long); target is of class [com.nakqeeb.amancare.controller.PatientController]
2025-09-19 00:37:57 [http-nio-8080-exec-9] INFO  c.n.a.controller.PatientController - SYSTEM_ADMIN reading a patient from clinic: 9
2025-09-19 00:37:57 [http-nio-8080-exec-9] DEBUG org.hibernate.SQL - 
    select
        c1_0.id,
        c1_0.address,
        c1_0.created_at,
        c1_0.description,
        c1_0.email,
        c1_0.is_active,
        c1_0.name,
        c1_0.phone,
        c1_0.subscription_end_date,
        c1_0.subscription_plan,
        c1_0.subscription_start_date,
        c1_0.updated_at,
        c1_0.working_days,
        c1_0.working_hours_end,
        c1_0.working_hours_start 
    from
        clinics c1_0 
    where
        c1_0.id=?
2025-09-19 00:37:57 [http-nio-8080-exec-9] DEBUG org.hibernate.SQL - 
    select
        p1_0.id,
        p1_0.address,
        p1_0.allergies,
        p1_0.blood_type,
        p1_0.chronic_diseases,
        p1_0.clinic_id,
        p1_0.created_at,
        p1_0.date_of_birth,
        p1_0.email,
        p1_0.emergency_contact_name,
        p1_0.emergency_contact_phone,
        p1_0.first_name,
        p1_0.gender,
        p1_0.is_active,
        p1_0.last_name,
        p1_0.notes,
        p1_0.patient_number,
        p1_0.phone,
        p1_0.updated_at 
    from
        patients p1_0 
    where
        p1_0.id=?
2025-09-19 00:54:41 [HikariPool-1:housekeeper] WARN  com.zaxxer.hikari.pool.HikariPool - HikariPool-1 - Thread starvation or clock leap detected (housekeeper delta=16m42s298ms).
2025-09-19 02:33:18 [HikariPool-1:housekeeper] WARN  com.zaxxer.hikari.pool.HikariPool - HikariPool-1 - Thread starvation or clock leap detected (housekeeper delta=1h38m36s688ms).
2025-09-19 03:29:27 [HikariPool-1:housekeeper] WARN  com.zaxxer.hikari.pool.HikariPool - HikariPool-1 - Thread starvation or clock leap detected (housekeeper delta=56m9s684ms).
2025-09-19 04:41:00 [HikariPool-1:housekeeper] WARN  com.zaxxer.hikari.pool.HikariPool - HikariPool-1 - Thread starvation or clock leap detected (housekeeper delta=1h11m32s850ms).
2025-09-19 05:30:02 [HikariPool-1:housekeeper] WARN  com.zaxxer.hikari.pool.HikariPool - HikariPool-1 - Thread starvation or clock leap detected (housekeeper delta=49m1s995ms).
2025-09-19 05:31:00 [http-nio-8080-exec-3] DEBUG o.s.security.web.FilterChainProxy - Securing OPTIONS /patients/17?clinicId=9
2025-09-19 05:31:00 [http-nio-8080-exec-2] DEBUG o.s.security.web.FilterChainProxy - Securing GET /patients/17?clinicId=9
2025-09-19 05:31:00 [http-nio-8080-exec-2] DEBUG org.hibernate.SQL - 
    select
        u1_0.id,
        u1_0.clinic_id,
        u1_0.created_at,
        u1_0.email,
        u1_0.first_name,
        u1_0.is_active,
        u1_0.last_name,
        u1_0.password_hash,
        u1_0.phone,
        u1_0.role,
        u1_0.specialization,
        u1_0.updated_at,
        u1_0.username 
    from
        users u1_0 
    where
        u1_0.id=?
2025-09-19 05:31:01 [http-nio-8080-exec-2] DEBUG o.s.security.web.FilterChainProxy - Secured GET /patients/17?clinicId=9
2025-09-19 05:31:01 [http-nio-8080-exec-2] DEBUG o.s.s.a.m.AuthorizationManagerBeforeMethodInterceptor - Authorizing method invocation ReflectiveMethodInvocation: public org.springframework.http.ResponseEntity com.nakqeeb.amancare.controller.PatientController.getPatientById(com.nakqeeb.amancare.security.UserPrincipal,java.lang.Long,java.lang.Long); target is of class [com.nakqeeb.amancare.controller.PatientController]
2025-09-19 05:31:01 [http-nio-8080-exec-2] DEBUG o.s.s.a.m.AuthorizationManagerBeforeMethodInterceptor - Authorized method invocation ReflectiveMethodInvocation: public org.springframework.http.ResponseEntity com.nakqeeb.amancare.controller.PatientController.getPatientById(com.nakqeeb.amancare.security.UserPrincipal,java.lang.Long,java.lang.Long); target is of class [com.nakqeeb.amancare.controller.PatientController]
2025-09-19 05:31:01 [http-nio-8080-exec-2] INFO  c.n.a.controller.PatientController - SYSTEM_ADMIN reading a patient from clinic: 9
2025-09-19 05:31:01 [http-nio-8080-exec-2] DEBUG org.hibernate.SQL - 
    select
        c1_0.id,
        c1_0.address,
        c1_0.created_at,
        c1_0.description,
        c1_0.email,
        c1_0.is_active,
        c1_0.name,
        c1_0.phone,
        c1_0.subscription_end_date,
        c1_0.subscription_plan,
        c1_0.subscription_start_date,
        c1_0.updated_at,
        c1_0.working_days,
        c1_0.working_hours_end,
        c1_0.working_hours_start 
    from
        clinics c1_0 
    where
        c1_0.id=?
2025-09-19 05:31:01 [http-nio-8080-exec-2] DEBUG org.hibernate.SQL - 
    select
        p1_0.id,
        p1_0.address,
        p1_0.allergies,
        p1_0.blood_type,
        p1_0.chronic_diseases,
        p1_0.clinic_id,
        p1_0.created_at,
        p1_0.date_of_birth,
        p1_0.email,
        p1_0.emergency_contact_name,
        p1_0.emergency_contact_phone,
        p1_0.first_name,
        p1_0.gender,
        p1_0.is_active,
        p1_0.last_name,
        p1_0.notes,
        p1_0.patient_number,
        p1_0.phone,
        p1_0.updated_at 
    from
        patients p1_0 
    where
        p1_0.id=?
2025-09-19 05:34:42 [http-nio-8080-exec-4] DEBUG o.s.security.web.FilterChainProxy - Securing OPTIONS /patients/17?clinicId=9
2025-09-19 05:34:42 [http-nio-8080-exec-8] DEBUG o.s.security.web.FilterChainProxy - Securing GET /patients/17?clinicId=9
2025-09-19 05:34:42 [http-nio-8080-exec-8] DEBUG org.hibernate.SQL - 
    select
        u1_0.id,
        u1_0.clinic_id,
        u1_0.created_at,
        u1_0.email,
        u1_0.first_name,
        u1_0.is_active,
        u1_0.last_name,
        u1_0.password_hash,
        u1_0.phone,
        u1_0.role,
        u1_0.specialization,
        u1_0.updated_at,
        u1_0.username 
    from
        users u1_0 
    where
        u1_0.id=?
2025-09-19 05:34:42 [http-nio-8080-exec-8] DEBUG o.s.security.web.FilterChainProxy - Secured GET /patients/17?clinicId=9
2025-09-19 05:34:42 [http-nio-8080-exec-8] DEBUG o.s.s.a.m.AuthorizationManagerBeforeMethodInterceptor - Authorizing method invocation ReflectiveMethodInvocation: public org.springframework.http.ResponseEntity com.nakqeeb.amancare.controller.PatientController.getPatientById(com.nakqeeb.amancare.security.UserPrincipal,java.lang.Long,java.lang.Long); target is of class [com.nakqeeb.amancare.controller.PatientController]
2025-09-19 05:34:42 [http-nio-8080-exec-8] DEBUG o.s.s.a.m.AuthorizationManagerBeforeMethodInterceptor - Authorized method invocation ReflectiveMethodInvocation: public org.springframework.http.ResponseEntity com.nakqeeb.amancare.controller.PatientController.getPatientById(com.nakqeeb.amancare.security.UserPrincipal,java.lang.Long,java.lang.Long); target is of class [com.nakqeeb.amancare.controller.PatientController]
2025-09-19 05:34:42 [http-nio-8080-exec-8] INFO  c.n.a.controller.PatientController - SYSTEM_ADMIN reading a patient from clinic: 9
2025-09-19 05:34:42 [http-nio-8080-exec-8] DEBUG org.hibernate.SQL - 
    select
        c1_0.id,
        c1_0.address,
        c1_0.created_at,
        c1_0.description,
        c1_0.email,
        c1_0.is_active,
        c1_0.name,
        c1_0.phone,
        c1_0.subscription_end_date,
        c1_0.subscription_plan,
        c1_0.subscription_start_date,
        c1_0.updated_at,
        c1_0.working_days,
        c1_0.working_hours_end,
        c1_0.working_hours_start 
    from
        clinics c1_0 
    where
        c1_0.id=?
2025-09-19 05:34:42 [http-nio-8080-exec-8] DEBUG org.hibernate.SQL - 
    select
        p1_0.id,
        p1_0.address,
        p1_0.allergies,
        p1_0.blood_type,
        p1_0.chronic_diseases,
        p1_0.clinic_id,
        p1_0.created_at,
        p1_0.date_of_birth,
        p1_0.email,
        p1_0.emergency_contact_name,
        p1_0.emergency_contact_phone,
        p1_0.first_name,
        p1_0.gender,
        p1_0.is_active,
        p1_0.last_name,
        p1_0.notes,
        p1_0.patient_number,
        p1_0.phone,
        p1_0.updated_at 
    from
        patients p1_0 
    where
        p1_0.id=?
2025-09-19 05:38:28 [http-nio-8080-exec-5] DEBUG o.s.security.web.FilterChainProxy - Securing OPTIONS /patients/17?clinicId=9
2025-09-19 05:38:28 [http-nio-8080-exec-5] DEBUG o.s.security.web.FilterChainProxy - Securing GET /patients/17?clinicId=9
2025-09-19 05:38:28 [http-nio-8080-exec-5] DEBUG org.hibernate.SQL - 
    select
        u1_0.id,
        u1_0.clinic_id,
        u1_0.created_at,
        u1_0.email,
        u1_0.first_name,
        u1_0.is_active,
        u1_0.last_name,
        u1_0.password_hash,
        u1_0.phone,
        u1_0.role,
        u1_0.specialization,
        u1_0.updated_at,
        u1_0.username 
    from
        users u1_0 
    where
        u1_0.id=?
2025-09-19 05:38:28 [http-nio-8080-exec-5] DEBUG o.s.security.web.FilterChainProxy - Secured GET /patients/17?clinicId=9
2025-09-19 05:38:28 [http-nio-8080-exec-5] DEBUG o.s.s.a.m.AuthorizationManagerBeforeMethodInterceptor - Authorizing method invocation ReflectiveMethodInvocation: public org.springframework.http.ResponseEntity com.nakqeeb.amancare.controller.PatientController.getPatientById(com.nakqeeb.amancare.security.UserPrincipal,java.lang.Long,java.lang.Long); target is of class [com.nakqeeb.amancare.controller.PatientController]
2025-09-19 05:38:28 [http-nio-8080-exec-5] DEBUG o.s.s.a.m.AuthorizationManagerBeforeMethodInterceptor - Authorized method invocation ReflectiveMethodInvocation: public org.springframework.http.ResponseEntity com.nakqeeb.amancare.controller.PatientController.getPatientById(com.nakqeeb.amancare.security.UserPrincipal,java.lang.Long,java.lang.Long); target is of class [com.nakqeeb.amancare.controller.PatientController]
2025-09-19 05:38:28 [http-nio-8080-exec-5] INFO  c.n.a.controller.PatientController - SYSTEM_ADMIN reading a patient from clinic: 9
2025-09-19 05:38:28 [http-nio-8080-exec-5] DEBUG org.hibernate.SQL - 
    select
        c1_0.id,
        c1_0.address,
        c1_0.created_at,
        c1_0.description,
        c1_0.email,
        c1_0.is_active,
        c1_0.name,
        c1_0.phone,
        c1_0.subscription_end_date,
        c1_0.subscription_plan,
        c1_0.subscription_start_date,
        c1_0.updated_at,
        c1_0.working_days,
        c1_0.working_hours_end,
        c1_0.working_hours_start 
    from
        clinics c1_0 
    where
        c1_0.id=?
2025-09-19 05:38:28 [http-nio-8080-exec-5] DEBUG org.hibernate.SQL - 
    select
        p1_0.id,
        p1_0.address,
        p1_0.allergies,
        p1_0.blood_type,
        p1_0.chronic_diseases,
        p1_0.clinic_id,
        p1_0.created_at,
        p1_0.date_of_birth,
        p1_0.email,
        p1_0.emergency_contact_name,
        p1_0.emergency_contact_phone,
        p1_0.first_name,
        p1_0.gender,
        p1_0.is_active,
        p1_0.last_name,
        p1_0.notes,
        p1_0.patient_number,
        p1_0.phone,
        p1_0.updated_at 
    from
        patients p1_0 
    where
        p1_0.id=?
2025-09-19 05:45:32 [HikariPool-1:housekeeper] WARN  com.zaxxer.hikari.pool.HikariPool - HikariPool-1 - Retrograde clock change detected (housekeeper delta=29s473ms), soft-evicting connections from pool.
2025-09-19 05:55:44 [http-nio-8080-exec-9] DEBUG o.s.security.web.FilterChainProxy - Securing OPTIONS /patients/17?clinicId=9
2025-09-19 05:55:44 [http-nio-8080-exec-7] DEBUG o.s.security.web.FilterChainProxy - Securing GET /patients/17?clinicId=9
2025-09-19 05:55:44 [http-nio-8080-exec-7] DEBUG org.hibernate.SQL - 
    select
        u1_0.id,
        u1_0.clinic_id,
        u1_0.created_at,
        u1_0.email,
        u1_0.first_name,
        u1_0.is_active,
        u1_0.last_name,
        u1_0.password_hash,
        u1_0.phone,
        u1_0.role,
        u1_0.specialization,
        u1_0.updated_at,
        u1_0.username 
    from
        users u1_0 
    where
        u1_0.id=?
2025-09-19 05:55:44 [http-nio-8080-exec-7] DEBUG o.s.security.web.FilterChainProxy - Secured GET /patients/17?clinicId=9
2025-09-19 05:55:44 [http-nio-8080-exec-7] DEBUG o.s.s.a.m.AuthorizationManagerBeforeMethodInterceptor - Authorizing method invocation ReflectiveMethodInvocation: public org.springframework.http.ResponseEntity com.nakqeeb.amancare.controller.PatientController.getPatientById(com.nakqeeb.amancare.security.UserPrincipal,java.lang.Long,java.lang.Long); target is of class [com.nakqeeb.amancare.controller.PatientController]
2025-09-19 05:55:44 [http-nio-8080-exec-7] DEBUG o.s.s.a.m.AuthorizationManagerBeforeMethodInterceptor - Authorized method invocation ReflectiveMethodInvocation: public org.springframework.http.ResponseEntity com.nakqeeb.amancare.controller.PatientController.getPatientById(com.nakqeeb.amancare.security.UserPrincipal,java.lang.Long,java.lang.Long); target is of class [com.nakqeeb.amancare.controller.PatientController]
2025-09-19 05:55:44 [http-nio-8080-exec-7] INFO  c.n.a.controller.PatientController - SYSTEM_ADMIN reading a patient from clinic: 9
2025-09-19 05:55:44 [http-nio-8080-exec-7] DEBUG org.hibernate.SQL - 
    select
        c1_0.id,
        c1_0.address,
        c1_0.created_at,
        c1_0.description,
        c1_0.email,
        c1_0.is_active,
        c1_0.name,
        c1_0.phone,
        c1_0.subscription_end_date,
        c1_0.subscription_plan,
        c1_0.subscription_start_date,
        c1_0.updated_at,
        c1_0.working_days,
        c1_0.working_hours_end,
        c1_0.working_hours_start 
    from
        clinics c1_0 
    where
        c1_0.id=?
2025-09-19 05:55:44 [http-nio-8080-exec-7] DEBUG org.hibernate.SQL - 
    select
        p1_0.id,
        p1_0.address,
        p1_0.allergies,
        p1_0.blood_type,
        p1_0.chronic_diseases,
        p1_0.clinic_id,
        p1_0.created_at,
        p1_0.date_of_birth,
        p1_0.email,
        p1_0.emergency_contact_name,
        p1_0.emergency_contact_phone,
        p1_0.first_name,
        p1_0.gender,
        p1_0.is_active,
        p1_0.last_name,
        p1_0.notes,
        p1_0.patient_number,
        p1_0.phone,
        p1_0.updated_at 
    from
        patients p1_0 
    where
        p1_0.id=?
2025-09-19 05:59:02 [scheduling-1] DEBUG org.hibernate.SQL - 
    /* DELETE 
    FROM
        PasswordResetToken p 
    WHERE
        p.expiryDate < :now */ delete prt1_0 
    from
        password_reset_tokens prt1_0 
    where
        prt1_0.expiry_date<?
2025-09-19 05:59:02 [scheduling-1] INFO  c.n.a.service.PasswordResetService - تم تنظيف الرموز المنتهية الصلاحية
2025-09-19 05:59:02 [scheduling-1] DEBUG org.hibernate.SQL - 
    /* DELETE 
    FROM
        EmailVerificationToken e 
    WHERE
        e.expiryDate < :now */ delete evt1_0 
    from
        email_verification_tokens evt1_0 
    where
        evt1_0.expiry_date<?
2025-09-19 05:59:02 [scheduling-1] INFO  c.n.a.s.EmailVerificationService - تم تنظيف رموز تأكيد البريد الإلكتروني المنتهية الصلاحية
